
--------------------------------------------------
TXLib соболезнует...

Программа: C:\Users\sanya\OneDrive\Documents\GitHub\SqSol\E\bin\Debug\SquareSolver.exe,

ВНЕЗАПНО: signal (22, 0x00): SIGABRT: Аварийное завершение программы, вызвана функция abort(). 

С помощью функции signal() вы можете сами обработать эту ошибку.

#1: TXLib [Ver: 00173a, Rev: 173, Date: 2024-06-23 22:37:05 +0400], Instance: 0x005072FC (32-bit), Flags: Cmdre0, Thread: 0x55B4 (Main). 

--------------------------------------------------
Стек вызовов:



--------------------------------------------------
Developed with:

The Dumb Artist Library (TX Library)
TXLib [Ver: 00173a, Rev: 173, Date: 2024-06-23 22:37:05 +0400]
Copyright (C) Ded (Ilya Dedinsky, http://txlib.ru) <mail@txlib.ru>
See license on: http://txlib.ru

TXLib file:	D:\now\TX\TXLib.h
Compiled:	Aug 22 2024 10:40:40, GNU g++ 4.8.1, std=201103L, MinGW Runtime 3.20, 32-bit, DEBUG
Started:	Aug 22 2024 10:40:48

Run file:	C:\Users\sanya\OneDrive\Documents\GitHub\SqSol\E\bin\Debug\SquareSolver.exe
Directory:	C:\Users\sanya\OneDrive\Documents\GitHub\SqSol\E

--------------------------------------------------

--------------------------------------------------
TXLib предупреждает:

Программа: C:\Users\sanya\OneDrive\Documents\GitHub\SqSol\E\bin\Debug\SquareSolver.exe,

ВНЕЗАПНО: Исключение С++, вызванное оператором throw.

#1: Исключение EXCEPTION_CPP_MSC (0xE06D7363) при выполнении кода по адресу 0x7578A942 в модуле C:\WINDOWS\System32\KERNELBASE.dll. Спасибо _txVectoredExceptionHandler(), что сообщил. Люблю его <3

Ой, всё (EXCEPTION_NONCONTINUABLE).

#2: TXLib [Ver: 00173a, Rev: 173, Date: 2024-06-23 22:37:05 +0400], Instance: 0x005072FC (32-bit), Flags: Cmdre0, Thread: 0x55B4 (Main), GetLastError(): 298 (Too many posts were made to a semaphore). 

--------------------------------------------------
Стек вызовов:



--------------------------------------------------
Стек вызовов TX:

# 0 in int {anonymous}::TX::txMessageBox(const char*, const char*, unsigned int) at D:\now\TX\TXLib.h:12789:

  12787: 
  12788: $   HWND wnd = _txCanvas_Window;
=>12789: $   int  ret = MessageBoxW ((wnd && IsWindowVisible (wnd))? wnd : _TX_CALL (Win32::GetConsoleWindow,()),
  12790:                             textW, headerW, flags | MB_SETFOREGROUND | MB_TOPMOST);
  12791: 

--------------------------------------------------
Developed with:

The Dumb Artist Library (TX Library)
TXLib [Ver: 00173a, Rev: 173, Date: 2024-06-23 22:37:05 +0400]
Copyright (C) Ded (Ilya Dedinsky, http://txlib.ru) <mail@txlib.ru>
See license on: http://txlib.ru

TXLib file:	D:\now\TX\TXLib.h
Compiled:	Aug 22 2024 10:40:40, GNU g++ 4.8.1, std=201103L, MinGW Runtime 3.20, 32-bit, DEBUG
Started:	Aug 22 2024 10:40:48

Run file:	C:\Users\sanya\OneDrive\Documents\GitHub\SqSol\E\bin\Debug\SquareSolver.exe
Directory:	C:\Users\sanya\OneDrive\Documents\GitHub\SqSol\E

--------------------------------------------------

--------------------------------------------------
TXLib соболезнует...

Программа: C:\Users\sanya\OneDrive\Documents\GitHub\SqSol\E\bin\Debug\SquareSolver.exe,

ВНЕЗАПНО: std::terminate(): Неперехваченное исключение в функции main() или в деструкторе, или другая фатальная ошибка C++. 

Объект исключения C++: int = 1, его адрес 0x01112988.

Используйте try/catch блоки, перехватывайте catch (...), проверяйте вызовы виртуальных функций, разбирайтесь, в чем дело.

С помощью std::set_terminate() вы можете сами обработать эту ошибку.

#1: TXLib [Ver: 00173a, Rev: 173, Date: 2024-06-23 22:37:05 +0400], Instance: 0x005072FC (32-bit), Flags: Cmdre0, Thread: 0x59FC (Main). 

--------------------------------------------------
Стек вызовов:



--------------------------------------------------
Developed with:

The Dumb Artist Library (TX Library)
TXLib [Ver: 00173a, Rev: 173, Date: 2024-06-23 22:37:05 +0400]
Copyright (C) Ded (Ilya Dedinsky, http://txlib.ru) <mail@txlib.ru>
See license on: http://txlib.ru

TXLib file:	D:\now\TX\TXLib.h
Compiled:	Aug 22 2024 10:46:29, GNU g++ 4.8.1, std=201103L, MinGW Runtime 3.20, 32-bit, DEBUG
Started:	Aug 22 2024 10:46:38

Run file:	C:\Users\sanya\OneDrive\Documents\GitHub\SqSol\E\bin\Debug\SquareSolver.exe
Directory:	C:\Users\sanya\OneDrive\Documents\GitHub\SqSol\E

--------------------------------------------------

--------------------------------------------------
TXLib предупреждает:

Программа: C:\Users\sanya\OneDrive\Documents\GitHub\SqSol\E\bin\Debug\SquareSolver.exe,

ВНЕЗАПНО: Исключение С++, вызванное оператором throw.

#1: Исключение EXCEPTION_CPP_MSC (0xE06D7363) при выполнении кода по адресу 0x7578A942 в модуле C:\WINDOWS\System32\KERNELBASE.dll. Спасибо _txVectoredExceptionHandler(), что сообщил. Люблю его <3

Ой, всё (EXCEPTION_NONCONTINUABLE).

#2: TXLib [Ver: 00173a, Rev: 173, Date: 2024-06-23 22:37:05 +0400], Instance: 0x005072FC (32-bit), Flags: Cmdre0, Thread: 0x59FC (Main), GetLastError(): 298 (Too many posts were made to a semaphore). 

--------------------------------------------------
Стек вызовов:



--------------------------------------------------
Стек вызовов TX:

# 0 in int {anonymous}::TX::txMessageBox(const char*, const char*, unsigned int) at D:\now\TX\TXLib.h:12789:

  12787: 
  12788: $   HWND wnd = _txCanvas_Window;
=>12789: $   int  ret = MessageBoxW ((wnd && IsWindowVisible (wnd))? wnd : _TX_CALL (Win32::GetConsoleWindow,()),
  12790:                             textW, headerW, flags | MB_SETFOREGROUND | MB_TOPMOST);
  12791: 

--------------------------------------------------
Developed with:

The Dumb Artist Library (TX Library)
TXLib [Ver: 00173a, Rev: 173, Date: 2024-06-23 22:37:05 +0400]
Copyright (C) Ded (Ilya Dedinsky, http://txlib.ru) <mail@txlib.ru>
See license on: http://txlib.ru

TXLib file:	D:\now\TX\TXLib.h
Compiled:	Aug 22 2024 10:46:29, GNU g++ 4.8.1, std=201103L, MinGW Runtime 3.20, 32-bit, DEBUG
Started:	Aug 22 2024 10:46:38

Run file:	C:\Users\sanya\OneDrive\Documents\GitHub\SqSol\E\bin\Debug\SquareSolver.exe
Directory:	C:\Users\sanya\OneDrive\Documents\GitHub\SqSol\E

--------------------------------------------------

--------------------------------------------------
TXLib соболезнует...

Программа: C:\Users\sanya\OneDrive\Documents\GitHub\SqSol\E\bin\Debug\SquareSolver.exe,

ВНЕЗАПНО: signal (22, 0x00): SIGABRT: Аварийное завершение программы, вызвана функция abort(). 

С помощью функции signal() вы можете сами обработать эту ошибку.

#1: TXLib [Ver: 00173a, Rev: 173, Date: 2024-06-23 22:37:05 +0400], Instance: 0x005072FC (32-bit), Flags: Cmdre0, Thread: 0x4F08 (Main). 

--------------------------------------------------
Стек вызовов:



--------------------------------------------------
Developed with:

The Dumb Artist Library (TX Library)
TXLib [Ver: 00173a, Rev: 173, Date: 2024-06-23 22:37:05 +0400]
Copyright (C) Ded (Ilya Dedinsky, http://txlib.ru) <mail@txlib.ru>
See license on: http://txlib.ru

TXLib file:	D:\now\TX\TXLib.h
Compiled:	Aug 22 2024 10:52:01, GNU g++ 4.8.1, std=201103L, MinGW Runtime 3.20, 32-bit, DEBUG
Started:	Aug 22 2024 10:52:09

Run file:	C:\Users\sanya\OneDrive\Documents\GitHub\SqSol\E\bin\Debug\SquareSolver.exe
Directory:	C:\Users\sanya\OneDrive\Documents\GitHub\SqSol\E

--------------------------------------------------

--------------------------------------------------
TXLib предупреждает:

Программа: C:\Users\sanya\OneDrive\Documents\GitHub\SqSol\E\bin\Debug\SquareSolver.exe,

ВНЕЗАПНО: Исключение С++, вызванное оператором throw.

#1: Исключение EXCEPTION_CPP_MSC (0xE06D7363) при выполнении кода по адресу 0x7578A942 в модуле C:\WINDOWS\System32\KERNELBASE.dll. Спасибо _txVectoredExceptionHandler(), что сообщил. Люблю его <3

Ой, всё (EXCEPTION_NONCONTINUABLE).

#2: TXLib [Ver: 00173a, Rev: 173, Date: 2024-06-23 22:37:05 +0400], Instance: 0x005072FC (32-bit), Flags: Cmdre0, Thread: 0x4F08 (Main), GetLastError(): 298 (Too many posts were made to a semaphore). 

--------------------------------------------------
Стек вызовов:



--------------------------------------------------
Стек вызовов TX:

# 0 in int {anonymous}::TX::txMessageBox(const char*, const char*, unsigned int) at D:\now\TX\TXLib.h:12789:

  12787: 
  12788: $   HWND wnd = _txCanvas_Window;
=>12789: $   int  ret = MessageBoxW ((wnd && IsWindowVisible (wnd))? wnd : _TX_CALL (Win32::GetConsoleWindow,()),
  12790:                             textW, headerW, flags | MB_SETFOREGROUND | MB_TOPMOST);
  12791: 

# 1 in int tester() at C:\Users\sanya\OneDrive\Documents\GitHub\SqSol\E\main_solve.cpp:79:

     77:              tests[i].nroots == t_nroots) == false) {
     78: 
=>   79:             txSetConsoleAttr(0x13);
     80:             printf ("Test Error Test_id: %d \n %g %g", i, t1, t2);
     81: 

--------------------------------------------------
Developed with:

The Dumb Artist Library (TX Library)
TXLib [Ver: 00173a, Rev: 173, Date: 2024-06-23 22:37:05 +0400]
Copyright (C) Ded (Ilya Dedinsky, http://txlib.ru) <mail@txlib.ru>
See license on: http://txlib.ru

TXLib file:	D:\now\TX\TXLib.h
Compiled:	Aug 22 2024 10:52:01, GNU g++ 4.8.1, std=201103L, MinGW Runtime 3.20, 32-bit, DEBUG
Started:	Aug 22 2024 10:52:09

Run file:	C:\Users\sanya\OneDrive\Documents\GitHub\SqSol\E\bin\Debug\SquareSolver.exe
Directory:	C:\Users\sanya\OneDrive\Documents\GitHub\SqSol\E

--------------------------------------------------

--------------------------------------------------
TXLib соболезнует...

Программа: C:\Users\sanya\OneDrive\Documents\GitHub\SqSol\E\bin\Debug\SquareSolver.exe,

ВНЕЗАПНО: signal (22, 0x00): SIGABRT: Аварийное завершение программы, вызвана функция abort(). 

С помощью функции signal() вы можете сами обработать эту ошибку.

#1: TXLib [Ver: 00173a, Rev: 173, Date: 2024-06-23 22:37:05 +0400], Instance: 0x005072FC (32-bit), Flags: Cmdre0, Thread: 0x5474 (Main). 

--------------------------------------------------
Стек вызовов:



--------------------------------------------------
Developed with:

The Dumb Artist Library (TX Library)
TXLib [Ver: 00173a, Rev: 173, Date: 2024-06-23 22:37:05 +0400]
Copyright (C) Ded (Ilya Dedinsky, http://txlib.ru) <mail@txlib.ru>
See license on: http://txlib.ru

TXLib file:	D:\now\TX\TXLib.h
Compiled:	Aug 22 2024 11:04:59, GNU g++ 4.8.1, std=201103L, MinGW Runtime 3.20, 32-bit, DEBUG
Started:	Aug 22 2024 11:05:07

Run file:	C:\Users\sanya\OneDrive\Documents\GitHub\SqSol\E\bin\Debug\SquareSolver.exe
Directory:	C:\Users\sanya\OneDrive\Documents\GitHub\SqSol\E

--------------------------------------------------

--------------------------------------------------
TXLib предупреждает:

Программа: C:\Users\sanya\OneDrive\Documents\GitHub\SqSol\E\bin\Debug\SquareSolver.exe,

ВНЕЗАПНО: Исключение С++, вызванное оператором throw.

#1: Исключение EXCEPTION_CPP_MSC (0xE06D7363) при выполнении кода по адресу 0x7578A942 в модуле C:\WINDOWS\System32\KERNELBASE.dll. Спасибо _txVectoredExceptionHandler(), что сообщил. Люблю его <3

Ой, всё (EXCEPTION_NONCONTINUABLE).

#2: TXLib [Ver: 00173a, Rev: 173, Date: 2024-06-23 22:37:05 +0400], Instance: 0x005072FC (32-bit), Flags: Cmdre0, Thread: 0x5474 (Main), GetLastError(): 298 (Too many posts were made to a semaphore). 

--------------------------------------------------
Стек вызовов:



--------------------------------------------------
Стек вызовов TX:

# 0 in int {anonymous}::TX::txMessageBox(const char*, const char*, unsigned int) at D:\now\TX\TXLib.h:12789:

  12787: 
  12788: $   HWND wnd = _txCanvas_Window;
=>12789: $   int  ret = MessageBoxW ((wnd && IsWindowVisible (wnd))? wnd : _TX_CALL (Win32::GetConsoleWindow,()),
  12790:                             textW, headerW, flags | MB_SETFOREGROUND | MB_TOPMOST);
  12791: 

--------------------------------------------------
Developed with:

The Dumb Artist Library (TX Library)
TXLib [Ver: 00173a, Rev: 173, Date: 2024-06-23 22:37:05 +0400]
Copyright (C) Ded (Ilya Dedinsky, http://txlib.ru) <mail@txlib.ru>
See license on: http://txlib.ru

TXLib file:	D:\now\TX\TXLib.h
Compiled:	Aug 22 2024 11:04:59, GNU g++ 4.8.1, std=201103L, MinGW Runtime 3.20, 32-bit, DEBUG
Started:	Aug 22 2024 11:05:08

Run file:	C:\Users\sanya\OneDrive\Documents\GitHub\SqSol\E\bin\Debug\SquareSolver.exe
Directory:	C:\Users\sanya\OneDrive\Documents\GitHub\SqSol\E

--------------------------------------------------
